{
  "stats": {
    "suites": 12,
    "tests": 0,
    "passes": 0,
    "pending": 0,
    "failures": 0,
    "start": "2023-09-27T00:26:48.448Z",
    "end": "2023-09-27T00:26:52.305Z",
    "duration": 3857,
    "testsRegistered": 41,
    "passPercent": 0,
    "pendingPercent": 0,
    "other": 12,
    "hasOther": true,
    "skipped": 41,
    "hasSkipped": true
  },
  "results": [
    {
      "uuid": "d420a189-da07-42e4-a477-db6378fdf0fd",
      "title": "",
      "fullFile": "cypress/integration/project.spec.js",
      "file": "cypress/integration/project.spec.js",
      "beforeHooks": [],
      "afterHooks": [],
      "tests": [],
      "suites": [
        {
          "uuid": "41180396-1004-45c7-8fb3-20d8d7a33bff",
          "title": "1 - Adicione à página o título \"Paleta de Cores\".",
          "fullFile": "",
          "file": "",
          "beforeHooks": [],
          "afterHooks": [],
          "tests": [
            {
              "title": "Verifica se contém um elemento `h1` com o id `title` com o título correto",
              "fullTitle": "1 - Adicione à página o título \"Paleta de Cores\". Verifica se contém um elemento `h1` com o id `title` com o título correto",
              "timedOut": null,
              "duration": 225,
              "state": "failed",
              "speed": null,
              "pass": false,
              "fail": true,
              "pending": false,
              "context": null,
              "code": "cy.get('h1#title').should('contain.text', 'Paleta de Cores');",
              "err": {
                "message": "CypressError: cy.visit() failed trying to load:\n\n./index.html\n\nWe failed looking for this file at the path:\n\n/home/felipe/Desktop/Trybe/WEB-Developer-Projects/pixels-art/index.html\n\nThe internal Cypress web server responded with:\n\n  > 404: Not Found\n\nBecause this error occurred during a 'before each' hook we are skipping the remaining tests in the current suite: '1 - Adicione à página o tít...'",
                "estack": "CypressError: cy.visit() failed trying to load:\n\n./index.html\n\nWe failed looking for this file at the path:\n\n/home/felipe/Desktop/Trybe/WEB-Developer-Projects/pixels-art/index.html\n\nThe internal Cypress web server responded with:\n\n  > 404: Not Found\n\nBecause this error occurred during a 'before each' hook we are skipping the remaining tests in the current suite: '1 - Adicione à página o tít...'\n    at cypressErr (http://localhost:45791/__cypress/runner/cypress_runner.js:149934:9)\n    at throwErr (http://localhost:45791/__cypress/runner/cypress_runner.js:149867:11)\n    at Object.throwErrByPath (http://localhost:45791/__cypress/runner/cypress_runner.js:149915:3)\n    at http://localhost:45791/__cypress/runner/cypress_runner.js:138814:34\n    at visitFailedByErr (http://localhost:45791/__cypress/runner/cypress_runner.js:138327:12)\n    at http://localhost:45791/__cypress/runner/cypress_runner.js:138795:22\n    at tryCatcher (http://localhost:45791/__cypress/runner/cypress_runner.js:167415:23)\n    at Promise._settlePromiseFromHandler (http://localhost:45791/__cypress/runner/cypress_runner.js:165351:31)\n    at Promise._settlePromise (http://localhost:45791/__cypress/runner/cypress_runner.js:165408:18)\n    at Promise._settlePromise0 (http://localhost:45791/__cypress/runner/cypress_runner.js:165453:10)\n    at Promise._settlePromises (http://localhost:45791/__cypress/runner/cypress_runner.js:165528:18)\n    at Async../node_modules/bluebird/js/release/async.js.Async._drainQueue (http://localhost:45791/__cypress/runner/cypress_runner.js:162140:16)\n    at Async../node_modules/bluebird/js/release/async.js.Async._drainQueues (http://localhost:45791/__cypress/runner/cypress_runner.js:162150:10)\n    at Async.drainQueues (http://localhost:45791/__cypress/runner/cypress_runner.js:162024:14)",
                "diff": null
              },
              "uuid": "4c3eeadd-bdab-496b-9001-75d719b26de0",
              "parentUUID": "41180396-1004-45c7-8fb3-20d8d7a33bff",
              "isHook": false,
              "skipped": false
            }
          ],
          "suites": [],
          "passes": [],
          "failures": [
            "4c3eeadd-bdab-496b-9001-75d719b26de0"
          ],
          "pending": [],
          "skipped": [],
          "duration": 225,
          "root": false,
          "rootEmpty": false,
          "_timeout": 2000
        },
        {
          "uuid": "fd9a569b-b778-4a91-b3ae-4d2904515386",
          "title": "2 - Adicione à página uma paleta de quatro cores distintas.",
          "fullFile": "",
          "file": "",
          "beforeHooks": [],
          "afterHooks": [],
          "tests": [
            {
              "title": "A paleta de cores deve ser um elemento com `id` denominado `color-palette` e ter mais de 0px de altura e de largura.",
              "fullTitle": "2 - Adicione à página uma paleta de quatro cores distintas. A paleta de cores deve ser um elemento com `id` denominado `color-palette` e ter mais de 0px de altura e de largura.",
              "timedOut": null,
              "duration": 294,
              "state": "failed",
              "speed": null,
              "pass": false,
              "fail": true,
              "pending": false,
              "context": null,
              "code": "cy.get('#color-palette').should('be.visible');\ncy.get('#color-palette').children('.color');",
              "err": {
                "message": "CypressError: cy.visit() failed trying to load:\n\n./index.html\n\nWe failed looking for this file at the path:\n\n/home/felipe/Desktop/Trybe/WEB-Developer-Projects/pixels-art/index.html\n\nThe internal Cypress web server responded with:\n\n  > 404: Not Found\n\nBecause this error occurred during a 'before each' hook we are skipping the remaining tests in the current suite: '2 - Adicione à página uma p...'",
                "estack": "CypressError: cy.visit() failed trying to load:\n\n./index.html\n\nWe failed looking for this file at the path:\n\n/home/felipe/Desktop/Trybe/WEB-Developer-Projects/pixels-art/index.html\n\nThe internal Cypress web server responded with:\n\n  > 404: Not Found\n\nBecause this error occurred during a 'before each' hook we are skipping the remaining tests in the current suite: '2 - Adicione à página uma p...'\n    at cypressErr (http://localhost:45791/__cypress/runner/cypress_runner.js:149934:9)\n    at throwErr (http://localhost:45791/__cypress/runner/cypress_runner.js:149867:11)\n    at Object.throwErrByPath (http://localhost:45791/__cypress/runner/cypress_runner.js:149915:3)\n    at http://localhost:45791/__cypress/runner/cypress_runner.js:138814:34\n    at visitFailedByErr (http://localhost:45791/__cypress/runner/cypress_runner.js:138327:12)\n    at http://localhost:45791/__cypress/runner/cypress_runner.js:138795:22\n    at tryCatcher (http://localhost:45791/__cypress/runner/cypress_runner.js:167415:23)\n    at Promise._settlePromiseFromHandler (http://localhost:45791/__cypress/runner/cypress_runner.js:165351:31)\n    at Promise._settlePromise (http://localhost:45791/__cypress/runner/cypress_runner.js:165408:18)\n    at Promise._settlePromise0 (http://localhost:45791/__cypress/runner/cypress_runner.js:165453:10)\n    at Promise._settlePromises (http://localhost:45791/__cypress/runner/cypress_runner.js:165528:18)\n    at Async../node_modules/bluebird/js/release/async.js.Async._drainQueue (http://localhost:45791/__cypress/runner/cypress_runner.js:162140:16)\n    at Async../node_modules/bluebird/js/release/async.js.Async._drainQueues (http://localhost:45791/__cypress/runner/cypress_runner.js:162150:10)\n    at Async.drainQueues (http://localhost:45791/__cypress/runner/cypress_runner.js:162024:14)",
                "diff": null
              },
              "uuid": "70105352-8861-4090-b1f0-7f1babd7eac5",
              "parentUUID": "fd9a569b-b778-4a91-b3ae-4d2904515386",
              "isHook": false,
              "skipped": false
            },
            {
              "title": "Verifica se cada cor individual da paleta de cores possui a `classe` chamada `color`.",
              "fullTitle": "2 - Adicione à página uma paleta de quatro cores distintas. Verifica se cada cor individual da paleta de cores possui a `classe` chamada `color`.",
              "timedOut": null,
              "duration": 0,
              "state": "skipped",
              "speed": null,
              "pass": false,
              "fail": false,
              "pending": false,
              "context": null,
              "code": "cy.get('.color').should('have.length', 4).then(function (colors) {\n  for (var i = 0; i < colors.length; i++) {\n    cy.wrap(colors[i]).should('be.visible');\n  }\n});",
              "err": {},
              "uuid": "ac3d284f-4044-455f-89d3-69ceeb127194",
              "parentUUID": "fd9a569b-b778-4a91-b3ae-4d2904515386",
              "isHook": false,
              "skipped": true
            },
            {
              "title": "Verifica se a cor de fundo de cada elemento da paleta é a cor que o elemento representa. **A única cor não permitida na paleta é a cor branca.**",
              "fullTitle": "2 - Adicione à página uma paleta de quatro cores distintas. Verifica se a cor de fundo de cada elemento da paleta é a cor que o elemento representa. **A única cor não permitida na paleta é a cor branca.**",
              "timedOut": null,
              "duration": 0,
              "state": "skipped",
              "speed": null,
              "pass": false,
              "fail": false,
              "pending": false,
              "context": null,
              "code": "cy.get('.color').each(function (color) {\n  cy.wrap(color).should('have.class', 'color').and('not.have.css', 'background-color', WHITE);\n  cy.wrap(color).should('have.css', 'background-color');\n});",
              "err": {},
              "uuid": "d7dbbf48-72df-4416-b63e-63e6bf9d19b6",
              "parentUUID": "fd9a569b-b778-4a91-b3ae-4d2904515386",
              "isHook": false,
              "skipped": true
            },
            {
              "title": "Verifica se cada elemento da paleta de cores tem uma borda preta, sólida e com 1 pixel de largura;",
              "fullTitle": "2 - Adicione à página uma paleta de quatro cores distintas. Verifica se cada elemento da paleta de cores tem uma borda preta, sólida e com 1 pixel de largura;",
              "timedOut": null,
              "duration": 0,
              "state": "skipped",
              "speed": null,
              "pass": false,
              "fail": false,
              "pending": false,
              "context": null,
              "code": "cy.get('.color').each(function (color) {\n  cy.wrap(color).and('have.css', 'border', \"1px solid \".concat(BLACK)).and('have.class', 'color');\n});",
              "err": {},
              "uuid": "9bc860e7-5b77-4863-8001-8d732f7b8642",
              "parentUUID": "fd9a569b-b778-4a91-b3ae-4d2904515386",
              "isHook": false,
              "skipped": true
            },
            {
              "title": "Verifica se a paleta lista todas as cores disponíveis para utilização, lado a lado.",
              "fullTitle": "2 - Adicione à página uma paleta de quatro cores distintas. Verifica se a paleta lista todas as cores disponíveis para utilização, lado a lado.",
              "timedOut": null,
              "duration": 0,
              "state": "skipped",
              "speed": null,
              "pass": false,
              "fail": false,
              "pending": false,
              "context": null,
              "code": "cy.get('.color').then(function (colors) {\n  for (var index = 1; index < colors.length; index += 1) {\n    var currentColor = colors[index];\n    var previousColor = colors[index - 1];\n    cy.wrap(currentColor).should('be.onTheRightOf', previousColor).and('be.horizontallyAlignedWith', previousColor);\n  }\n});",
              "err": {},
              "uuid": "82eda30d-d6fe-42ab-847e-37009dafccdc",
              "parentUUID": "fd9a569b-b778-4a91-b3ae-4d2904515386",
              "isHook": false,
              "skipped": true
            },
            {
              "title": "Verifica se a paleta de cores está posicionada abaixo do título 'Paleta de Cores'",
              "fullTitle": "2 - Adicione à página uma paleta de quatro cores distintas. Verifica se a paleta de cores está posicionada abaixo do título 'Paleta de Cores'",
              "timedOut": null,
              "duration": 0,
              "state": "skipped",
              "speed": null,
              "pass": false,
              "fail": false,
              "pending": false,
              "context": null,
              "code": "cy.get('h1#title').then(function (title) {\n  cy.get('#color-palette').should('be.belowOf', title);\n});",
              "err": {},
              "uuid": "6da399a2-3a30-4db3-adca-8f99ecdaae51",
              "parentUUID": "fd9a569b-b778-4a91-b3ae-4d2904515386",
              "isHook": false,
              "skipped": true
            },
            {
              "title": "Verifica se a paleta de cores não contém cores repetidas.",
              "fullTitle": "2 - Adicione à página uma paleta de quatro cores distintas. Verifica se a paleta de cores não contém cores repetidas.",
              "timedOut": null,
              "duration": 0,
              "state": "skipped",
              "speed": null,
              "pass": false,
              "fail": false,
              "pending": false,
              "context": null,
              "code": "cy.get('.color').then(function (colors) {\n  var allColors = Array.from(colors).map(function (color) {\n    return Cypress.$(color).css('background-color');\n  });\n  cy.log(allColors);\n  var uniqColors = (0, _toConsumableArray2[\"default\"])(new Set(allColors));\n  cy.log(uniqColors);\n  expect(allColors.length).to.eq(uniqColors.length);\n});",
              "err": {},
              "uuid": "a25ae366-870e-4263-b65a-9d883e54fa5d",
              "parentUUID": "fd9a569b-b778-4a91-b3ae-4d2904515386",
              "isHook": false,
              "skipped": true
            }
          ],
          "suites": [],
          "passes": [],
          "failures": [
            "70105352-8861-4090-b1f0-7f1babd7eac5"
          ],
          "pending": [],
          "skipped": [
            "ac3d284f-4044-455f-89d3-69ceeb127194",
            "d7dbbf48-72df-4416-b63e-63e6bf9d19b6",
            "9bc860e7-5b77-4863-8001-8d732f7b8642",
            "82eda30d-d6fe-42ab-847e-37009dafccdc",
            "6da399a2-3a30-4db3-adca-8f99ecdaae51",
            "a25ae366-870e-4263-b65a-9d883e54fa5d"
          ],
          "duration": 294,
          "root": false,
          "rootEmpty": false,
          "_timeout": 2000
        },
        {
          "uuid": "8082f7f1-65e6-4a84-a920-e2cb70ca4342",
          "title": "3 - Adicione a cor **preta** como a primeira cor da paleta de cores.",
          "fullFile": "",
          "file": "",
          "beforeHooks": [],
          "afterHooks": [],
          "tests": [
            {
              "title": "Verifica se a primeira cor da paleta é preta",
              "fullTitle": "3 - Adicione a cor **preta** como a primeira cor da paleta de cores. Verifica se a primeira cor da paleta é preta",
              "timedOut": null,
              "duration": 401,
              "state": "failed",
              "speed": null,
              "pass": false,
              "fail": true,
              "pending": false,
              "context": null,
              "code": "cy.get('.color').first().should('have.css', 'background-color', BLACK);",
              "err": {
                "message": "CypressError: cy.visit() failed trying to load:\n\n./index.html\n\nWe failed looking for this file at the path:\n\n/home/felipe/Desktop/Trybe/WEB-Developer-Projects/pixels-art/index.html\n\nThe internal Cypress web server responded with:\n\n  > 404: Not Found\n\nBecause this error occurred during a 'before each' hook we are skipping the remaining tests in the current suite: '3 - Adicione a cor **preta*...'",
                "estack": "CypressError: cy.visit() failed trying to load:\n\n./index.html\n\nWe failed looking for this file at the path:\n\n/home/felipe/Desktop/Trybe/WEB-Developer-Projects/pixels-art/index.html\n\nThe internal Cypress web server responded with:\n\n  > 404: Not Found\n\nBecause this error occurred during a 'before each' hook we are skipping the remaining tests in the current suite: '3 - Adicione a cor **preta*...'\n    at cypressErr (http://localhost:45791/__cypress/runner/cypress_runner.js:149934:9)\n    at throwErr (http://localhost:45791/__cypress/runner/cypress_runner.js:149867:11)\n    at Object.throwErrByPath (http://localhost:45791/__cypress/runner/cypress_runner.js:149915:3)\n    at http://localhost:45791/__cypress/runner/cypress_runner.js:138814:34\n    at visitFailedByErr (http://localhost:45791/__cypress/runner/cypress_runner.js:138327:12)\n    at http://localhost:45791/__cypress/runner/cypress_runner.js:138795:22\n    at tryCatcher (http://localhost:45791/__cypress/runner/cypress_runner.js:167415:23)\n    at Promise._settlePromiseFromHandler (http://localhost:45791/__cypress/runner/cypress_runner.js:165351:31)\n    at Promise._settlePromise (http://localhost:45791/__cypress/runner/cypress_runner.js:165408:18)\n    at Promise._settlePromise0 (http://localhost:45791/__cypress/runner/cypress_runner.js:165453:10)\n    at Promise._settlePromises (http://localhost:45791/__cypress/runner/cypress_runner.js:165528:18)\n    at Async../node_modules/bluebird/js/release/async.js.Async._drainQueue (http://localhost:45791/__cypress/runner/cypress_runner.js:162140:16)\n    at Async../node_modules/bluebird/js/release/async.js.Async._drainQueues (http://localhost:45791/__cypress/runner/cypress_runner.js:162150:10)\n    at Async.drainQueues (http://localhost:45791/__cypress/runner/cypress_runner.js:162024:14)",
                "diff": null
              },
              "uuid": "ec48b3d3-3253-4328-8b56-d405a1b8a1de",
              "parentUUID": "8082f7f1-65e6-4a84-a920-e2cb70ca4342",
              "isHook": false,
              "skipped": false
            },
            {
              "title": "Verifica se as demais cores podem ser escolhidas livremente.",
              "fullTitle": "3 - Adicione a cor **preta** como a primeira cor da paleta de cores. Verifica se as demais cores podem ser escolhidas livremente.",
              "timedOut": null,
              "duration": 0,
              "state": "skipped",
              "speed": null,
              "pass": false,
              "fail": false,
              "pending": false,
              "context": null,
              "code": "cy.get('.color').eq(1).should('not.have.css', 'background-color', BLACK);\ncy.get('.color').eq(1).should('not.have.css', 'background-color', WHITE);\ncy.get('.color').eq(1).should('not.have.css', 'background-color', 'rgba(0, 0, 0, 0)');\ncy.get('.color').eq(1).should('have.css', 'background-color');\ncy.get('.color').eq(2).should('not.have.css', 'background-color', BLACK);\ncy.get('.color').eq(2).should('not.have.css', 'background-color', WHITE);\ncy.get('.color').eq(2).should('not.have.css', 'background-color', 'rgba(0, 0, 0, 0)');\ncy.get('.color').eq(2).should('have.css', 'background-color');\ncy.get('.color').eq(3).should('not.have.css', 'background-color', BLACK);\ncy.get('.color').eq(3).should('not.have.css', 'background-color', WHITE);\ncy.get('.color').eq(3).should('not.have.css', 'background-color', 'rgba(0, 0, 0, 0)');\ncy.get('.color').eq(3).should('have.css', 'background-color');",
              "err": {},
              "uuid": "d534c24c-1fa1-4263-b6a3-5e1d2ffaa3c0",
              "parentUUID": "8082f7f1-65e6-4a84-a920-e2cb70ca4342",
              "isHook": false,
              "skipped": true
            }
          ],
          "suites": [],
          "passes": [],
          "failures": [
            "ec48b3d3-3253-4328-8b56-d405a1b8a1de"
          ],
          "pending": [],
          "skipped": [
            "d534c24c-1fa1-4263-b6a3-5e1d2ffaa3c0"
          ],
          "duration": 401,
          "root": false,
          "rootEmpty": false,
          "_timeout": 2000
        },
        {
          "uuid": "6f828c1c-fa69-487b-a73c-fa133399e1e9",
          "title": "4 - Adicione à página um quadro de pixels, com 25 pixels.",
          "fullFile": "",
          "file": "",
          "beforeHooks": [],
          "afterHooks": [],
          "tests": [
            {
              "title": "Verifica se o quadro de pixels possui o `id` denominado `pixel-board`",
              "fullTitle": "4 - Adicione à página um quadro de pixels, com 25 pixels. Verifica se o quadro de pixels possui o `id` denominado `pixel-board`",
              "timedOut": null,
              "duration": 306,
              "state": "failed",
              "speed": null,
              "pass": false,
              "fail": true,
              "pending": false,
              "context": null,
              "code": "cy.get('#pixel-board').should('be.visible');",
              "err": {
                "message": "CypressError: cy.visit() failed trying to load:\n\n./index.html\n\nWe failed looking for this file at the path:\n\n/home/felipe/Desktop/Trybe/WEB-Developer-Projects/pixels-art/index.html\n\nThe internal Cypress web server responded with:\n\n  > 404: Not Found\n\nBecause this error occurred during a 'before each' hook we are skipping the remaining tests in the current suite: '4 - Adicione à página um qu...'",
                "estack": "CypressError: cy.visit() failed trying to load:\n\n./index.html\n\nWe failed looking for this file at the path:\n\n/home/felipe/Desktop/Trybe/WEB-Developer-Projects/pixels-art/index.html\n\nThe internal Cypress web server responded with:\n\n  > 404: Not Found\n\nBecause this error occurred during a 'before each' hook we are skipping the remaining tests in the current suite: '4 - Adicione à página um qu...'\n    at cypressErr (http://localhost:45791/__cypress/runner/cypress_runner.js:149934:9)\n    at throwErr (http://localhost:45791/__cypress/runner/cypress_runner.js:149867:11)\n    at Object.throwErrByPath (http://localhost:45791/__cypress/runner/cypress_runner.js:149915:3)\n    at http://localhost:45791/__cypress/runner/cypress_runner.js:138814:34\n    at visitFailedByErr (http://localhost:45791/__cypress/runner/cypress_runner.js:138327:12)\n    at http://localhost:45791/__cypress/runner/cypress_runner.js:138795:22\n    at tryCatcher (http://localhost:45791/__cypress/runner/cypress_runner.js:167415:23)\n    at Promise._settlePromiseFromHandler (http://localhost:45791/__cypress/runner/cypress_runner.js:165351:31)\n    at Promise._settlePromise (http://localhost:45791/__cypress/runner/cypress_runner.js:165408:18)\n    at Promise._settlePromise0 (http://localhost:45791/__cypress/runner/cypress_runner.js:165453:10)\n    at Promise._settlePromises (http://localhost:45791/__cypress/runner/cypress_runner.js:165528:18)\n    at Async../node_modules/bluebird/js/release/async.js.Async._drainQueue (http://localhost:45791/__cypress/runner/cypress_runner.js:162140:16)\n    at Async../node_modules/bluebird/js/release/async.js.Async._drainQueues (http://localhost:45791/__cypress/runner/cypress_runner.js:162150:10)\n    at Async.drainQueues (http://localhost:45791/__cypress/runner/cypress_runner.js:162024:14)",
                "diff": null
              },
              "uuid": "77aa1469-909c-4817-b377-de5df05b10be",
              "parentUUID": "6f828c1c-fa69-487b-a73c-fa133399e1e9",
              "isHook": false,
              "skipped": false
            },
            {
              "title": "Verifica se cada pixel individual dentro do quadro possui a `classe` denominada `pixel`.",
              "fullTitle": "4 - Adicione à página um quadro de pixels, com 25 pixels. Verifica se cada pixel individual dentro do quadro possui a `classe` denominada `pixel`.",
              "timedOut": null,
              "duration": 0,
              "state": "skipped",
              "speed": null,
              "pass": false,
              "fail": false,
              "pending": false,
              "context": null,
              "code": "cy.get('.pixel').should('have.length', 25);",
              "err": {},
              "uuid": "5106f81c-fbc6-4db1-a7d4-452ca666068e",
              "parentUUID": "6f828c1c-fa69-487b-a73c-fa133399e1e9",
              "isHook": false,
              "skipped": true
            },
            {
              "title": "Verifica se a cor inicial dos pixels dentro do quadro, ao abrir a página, é branca.",
              "fullTitle": "4 - Adicione à página um quadro de pixels, com 25 pixels. Verifica se a cor inicial dos pixels dentro do quadro, ao abrir a página, é branca.",
              "timedOut": null,
              "duration": 0,
              "state": "skipped",
              "speed": null,
              "pass": false,
              "fail": false,
              "pending": false,
              "context": null,
              "code": "cy.get('.pixel').should('have.length', 25).each(function (pixel) {\n  expect(pixel).to.have.css('background-color', WHITE);\n});",
              "err": {},
              "uuid": "5079f42c-dad4-43d4-8384-8962c032bb1d",
              "parentUUID": "6f828c1c-fa69-487b-a73c-fa133399e1e9",
              "isHook": false,
              "skipped": true
            },
            {
              "title": "Verifica se o quadro de pixels aparece abaixo da paleta de cores",
              "fullTitle": "4 - Adicione à página um quadro de pixels, com 25 pixels. Verifica se o quadro de pixels aparece abaixo da paleta de cores",
              "timedOut": null,
              "duration": 0,
              "state": "skipped",
              "speed": null,
              "pass": false,
              "fail": false,
              "pending": false,
              "context": null,
              "code": "cy.get('#color-palette').then(function (palette) {\n  cy.get('#pixel-board').should('be.belowOf', palette);\n});",
              "err": {},
              "uuid": "6261817d-6b16-4b00-84f9-2e4dd3902630",
              "parentUUID": "6f828c1c-fa69-487b-a73c-fa133399e1e9",
              "isHook": false,
              "skipped": true
            }
          ],
          "suites": [],
          "passes": [],
          "failures": [
            "77aa1469-909c-4817-b377-de5df05b10be"
          ],
          "pending": [],
          "skipped": [
            "5106f81c-fbc6-4db1-a7d4-452ca666068e",
            "5079f42c-dad4-43d4-8384-8962c032bb1d",
            "6261817d-6b16-4b00-84f9-2e4dd3902630"
          ],
          "duration": 306,
          "root": false,
          "rootEmpty": false,
          "_timeout": 2000
        },
        {
          "uuid": "e4e5b081-d668-4b9c-b940-1bdf87b3a53a",
          "title": "5 - Faça com que cada elemento do quadro de pixels possua 40 pixels de largura, 40 pixels de altura e seja delimitado por uma borda preta de 1 pixel.",
          "fullFile": "",
          "file": "",
          "beforeHooks": [],
          "afterHooks": [],
          "tests": [
            {
              "title": "Verifica se o quadro de pixels tem altura e comprimento de 5 elementos",
              "fullTitle": "5 - Faça com que cada elemento do quadro de pixels possua 40 pixels de largura, 40 pixels de altura e seja delimitado por uma borda preta de 1 pixel. Verifica se o quadro de pixels tem altura e comprimento de 5 elementos",
              "timedOut": null,
              "duration": 425,
              "state": "failed",
              "speed": null,
              "pass": false,
              "fail": true,
              "pending": false,
              "context": null,
              "code": "cy.get('.pixel').should('have.length', 25).each(function (pixel) {\n  expect(pixel).to.have.css('background-color', WHITE);\n}).and(function (pixels) {\n  var rows = chunk(pixels, 5);\n  rows.forEach(function (row) {\n    for (var index = 1; index < row.length; index += 1) {\n      var current = pixels[index];\n      var previous = pixels[index - 1];\n      cy.wrap(current).should('be.onTheRightOf', previous).and('be.horizontallyAlignedWith', previous);\n    }\n  });\n  for (var index = 1; index < 5; index += 1) {\n    expect(pixels[index * 5]).to.be.belowOf(pixels[(index - 1) * 5]);\n  }\n});",
              "err": {
                "message": "CypressError: cy.visit() failed trying to load:\n\n./index.html\n\nWe failed looking for this file at the path:\n\n/home/felipe/Desktop/Trybe/WEB-Developer-Projects/pixels-art/index.html\n\nThe internal Cypress web server responded with:\n\n  > 404: Not Found\n\nBecause this error occurred during a 'before each' hook we are skipping the remaining tests in the current suite: '5 - Faça com que cada eleme...'",
                "estack": "CypressError: cy.visit() failed trying to load:\n\n./index.html\n\nWe failed looking for this file at the path:\n\n/home/felipe/Desktop/Trybe/WEB-Developer-Projects/pixels-art/index.html\n\nThe internal Cypress web server responded with:\n\n  > 404: Not Found\n\nBecause this error occurred during a 'before each' hook we are skipping the remaining tests in the current suite: '5 - Faça com que cada eleme...'\n    at cypressErr (http://localhost:45791/__cypress/runner/cypress_runner.js:149934:9)\n    at throwErr (http://localhost:45791/__cypress/runner/cypress_runner.js:149867:11)\n    at Object.throwErrByPath (http://localhost:45791/__cypress/runner/cypress_runner.js:149915:3)\n    at http://localhost:45791/__cypress/runner/cypress_runner.js:138814:34\n    at visitFailedByErr (http://localhost:45791/__cypress/runner/cypress_runner.js:138327:12)\n    at http://localhost:45791/__cypress/runner/cypress_runner.js:138795:22\n    at tryCatcher (http://localhost:45791/__cypress/runner/cypress_runner.js:167415:23)\n    at Promise._settlePromiseFromHandler (http://localhost:45791/__cypress/runner/cypress_runner.js:165351:31)\n    at Promise._settlePromise (http://localhost:45791/__cypress/runner/cypress_runner.js:165408:18)\n    at Promise._settlePromise0 (http://localhost:45791/__cypress/runner/cypress_runner.js:165453:10)\n    at Promise._settlePromises (http://localhost:45791/__cypress/runner/cypress_runner.js:165528:18)\n    at Async../node_modules/bluebird/js/release/async.js.Async._drainQueue (http://localhost:45791/__cypress/runner/cypress_runner.js:162140:16)\n    at Async../node_modules/bluebird/js/release/async.js.Async._drainQueues (http://localhost:45791/__cypress/runner/cypress_runner.js:162150:10)\n    at Async.drainQueues (http://localhost:45791/__cypress/runner/cypress_runner.js:162024:14)",
                "diff": null
              },
              "uuid": "5c382e72-8c3e-43d7-a846-7c464b716d24",
              "parentUUID": "e4e5b081-d668-4b9c-b940-1bdf87b3a53a",
              "isHook": false,
              "skipped": false
            },
            {
              "title": "Verifica se 40 pixels é o tamanho total do elemento, incluindo seu conteúdo e excluindo a borda preta, que deve ser criada à parte.",
              "fullTitle": "5 - Faça com que cada elemento do quadro de pixels possua 40 pixels de largura, 40 pixels de altura e seja delimitado por uma borda preta de 1 pixel. Verifica se 40 pixels é o tamanho total do elemento, incluindo seu conteúdo e excluindo a borda preta, que deve ser criada à parte.",
              "timedOut": null,
              "duration": 0,
              "state": "skipped",
              "speed": null,
              "pass": false,
              "fail": false,
              "pending": false,
              "context": null,
              "code": "cy.get('.pixel').each(function (pixel) {\n  cy.wrap(pixel).should('have.css', 'height', '40px').and('have.css', 'width', '40px').and('have.css', 'border', \"1px solid \".concat(BLACK));\n});",
              "err": {},
              "uuid": "3f19082d-9e67-48fd-bf0e-84c92953ea43",
              "parentUUID": "e4e5b081-d668-4b9c-b940-1bdf87b3a53a",
              "isHook": false,
              "skipped": true
            }
          ],
          "suites": [],
          "passes": [],
          "failures": [
            "5c382e72-8c3e-43d7-a846-7c464b716d24"
          ],
          "pending": [],
          "skipped": [
            "3f19082d-9e67-48fd-bf0e-84c92953ea43"
          ],
          "duration": 425,
          "root": false,
          "rootEmpty": false,
          "_timeout": 2000
        },
        {
          "uuid": "c167fed6-3177-457b-a6a7-3073103269e8",
          "title": "6 - Defina a cor preta como cor inicial. Ao carregar a página a cor preta já deve estar selecionada para pintar os pixels",
          "fullFile": "",
          "file": "",
          "beforeHooks": [],
          "afterHooks": [],
          "tests": [
            {
              "title": "Verifica se o elemento da cor preta possui, inicialmente, a `classe` `selected`",
              "fullTitle": "6 - Defina a cor preta como cor inicial. Ao carregar a página a cor preta já deve estar selecionada para pintar os pixels Verifica se o elemento da cor preta possui, inicialmente, a `classe` `selected`",
              "timedOut": null,
              "duration": 278,
              "state": "failed",
              "speed": null,
              "pass": false,
              "fail": true,
              "pending": false,
              "context": null,
              "code": "cy.get('.selected').first().should('have.css', 'background-color', BLACK);",
              "err": {
                "message": "CypressError: cy.visit() failed trying to load:\n\n./index.html\n\nWe failed looking for this file at the path:\n\n/home/felipe/Desktop/Trybe/WEB-Developer-Projects/pixels-art/index.html\n\nThe internal Cypress web server responded with:\n\n  > 404: Not Found\n\nBecause this error occurred during a 'before each' hook we are skipping the remaining tests in the current suite: '6 - Defina a cor preta como...'",
                "estack": "CypressError: cy.visit() failed trying to load:\n\n./index.html\n\nWe failed looking for this file at the path:\n\n/home/felipe/Desktop/Trybe/WEB-Developer-Projects/pixels-art/index.html\n\nThe internal Cypress web server responded with:\n\n  > 404: Not Found\n\nBecause this error occurred during a 'before each' hook we are skipping the remaining tests in the current suite: '6 - Defina a cor preta como...'\n    at cypressErr (http://localhost:45791/__cypress/runner/cypress_runner.js:149934:9)\n    at throwErr (http://localhost:45791/__cypress/runner/cypress_runner.js:149867:11)\n    at Object.throwErrByPath (http://localhost:45791/__cypress/runner/cypress_runner.js:149915:3)\n    at http://localhost:45791/__cypress/runner/cypress_runner.js:138814:34\n    at visitFailedByErr (http://localhost:45791/__cypress/runner/cypress_runner.js:138327:12)\n    at http://localhost:45791/__cypress/runner/cypress_runner.js:138795:22\n    at tryCatcher (http://localhost:45791/__cypress/runner/cypress_runner.js:167415:23)\n    at Promise._settlePromiseFromHandler (http://localhost:45791/__cypress/runner/cypress_runner.js:165351:31)\n    at Promise._settlePromise (http://localhost:45791/__cypress/runner/cypress_runner.js:165408:18)\n    at Promise._settlePromise0 (http://localhost:45791/__cypress/runner/cypress_runner.js:165453:10)\n    at Promise._settlePromises (http://localhost:45791/__cypress/runner/cypress_runner.js:165528:18)\n    at Async../node_modules/bluebird/js/release/async.js.Async._drainQueue (http://localhost:45791/__cypress/runner/cypress_runner.js:162140:16)\n    at Async../node_modules/bluebird/js/release/async.js.Async._drainQueues (http://localhost:45791/__cypress/runner/cypress_runner.js:162150:10)\n    at Async.drainQueues (http://localhost:45791/__cypress/runner/cypress_runner.js:162024:14)",
                "diff": null
              },
              "uuid": "0140a5a9-9175-4cc0-adda-c8dfe6765578",
              "parentUUID": "c167fed6-3177-457b-a6a7-3073103269e8",
              "isHook": false,
              "skipped": false
            },
            {
              "title": "Verifica se nenhuma outra cor da paleta tem a `classe` `selected`",
              "fullTitle": "6 - Defina a cor preta como cor inicial. Ao carregar a página a cor preta já deve estar selecionada para pintar os pixels Verifica se nenhuma outra cor da paleta tem a `classe` `selected`",
              "timedOut": null,
              "duration": 0,
              "state": "skipped",
              "speed": null,
              "pass": false,
              "fail": false,
              "pending": false,
              "context": null,
              "code": "cy.get('.color:not(:first-child)').each(function (color) {\n  cy.wrap(color).should('not.have.class', 'selected');\n});",
              "err": {},
              "uuid": "c24fa181-bc81-4c9c-ab83-b675052f7bff",
              "parentUUID": "c167fed6-3177-457b-a6a7-3073103269e8",
              "isHook": false,
              "skipped": true
            }
          ],
          "suites": [],
          "passes": [],
          "failures": [
            "0140a5a9-9175-4cc0-adda-c8dfe6765578"
          ],
          "pending": [],
          "skipped": [
            "c24fa181-bc81-4c9c-ab83-b675052f7bff"
          ],
          "duration": 278,
          "root": false,
          "rootEmpty": false,
          "_timeout": 2000
        },
        {
          "uuid": "f0811226-6752-4204-aca0-16a4e28e00e3",
          "title": "7 - Clicar em uma das cores da paleta, faz com que ela seja selecionada e utilizada para preencher os pixels no quadro.",
          "fullFile": "",
          "file": "",
          "beforeHooks": [],
          "afterHooks": [],
          "tests": [
            {
              "title": "Verifica se somente uma cor da paleta de cores tem a classe `selected` de cada vez",
              "fullTitle": "7 - Clicar em uma das cores da paleta, faz com que ela seja selecionada e utilizada para preencher os pixels no quadro. Verifica se somente uma cor da paleta de cores tem a classe `selected` de cada vez",
              "timedOut": null,
              "duration": 304,
              "state": "failed",
              "speed": null,
              "pass": false,
              "fail": true,
              "pending": false,
              "context": null,
              "code": "cy.get('.color').each(function (selectedColor, selectedColorIndex) {\n  cy.wrap(selectedColor).click();\n  cy.get('.color').each(function (color, colorIndex) {\n    if (colorIndex === selectedColorIndex) {\n      expect(color).to.have[\"class\"]('selected');\n    } else {\n      expect(color).not.to.have[\"class\"]('selected');\n    }\n  });\n});",
              "err": {
                "message": "CypressError: cy.visit() failed trying to load:\n\n./index.html\n\nWe failed looking for this file at the path:\n\n/home/felipe/Desktop/Trybe/WEB-Developer-Projects/pixels-art/index.html\n\nThe internal Cypress web server responded with:\n\n  > 404: Not Found\n\nBecause this error occurred during a 'before each' hook we are skipping the remaining tests in the current suite: '7 - Clicar em uma das cores...'",
                "estack": "CypressError: cy.visit() failed trying to load:\n\n./index.html\n\nWe failed looking for this file at the path:\n\n/home/felipe/Desktop/Trybe/WEB-Developer-Projects/pixels-art/index.html\n\nThe internal Cypress web server responded with:\n\n  > 404: Not Found\n\nBecause this error occurred during a 'before each' hook we are skipping the remaining tests in the current suite: '7 - Clicar em uma das cores...'\n    at cypressErr (http://localhost:45791/__cypress/runner/cypress_runner.js:149934:9)\n    at throwErr (http://localhost:45791/__cypress/runner/cypress_runner.js:149867:11)\n    at Object.throwErrByPath (http://localhost:45791/__cypress/runner/cypress_runner.js:149915:3)\n    at http://localhost:45791/__cypress/runner/cypress_runner.js:138814:34\n    at visitFailedByErr (http://localhost:45791/__cypress/runner/cypress_runner.js:138327:12)\n    at http://localhost:45791/__cypress/runner/cypress_runner.js:138795:22\n    at tryCatcher (http://localhost:45791/__cypress/runner/cypress_runner.js:167415:23)\n    at Promise._settlePromiseFromHandler (http://localhost:45791/__cypress/runner/cypress_runner.js:165351:31)\n    at Promise._settlePromise (http://localhost:45791/__cypress/runner/cypress_runner.js:165408:18)\n    at Promise._settlePromise0 (http://localhost:45791/__cypress/runner/cypress_runner.js:165453:10)\n    at Promise._settlePromises (http://localhost:45791/__cypress/runner/cypress_runner.js:165528:18)\n    at Async../node_modules/bluebird/js/release/async.js.Async._drainQueue (http://localhost:45791/__cypress/runner/cypress_runner.js:162140:16)\n    at Async../node_modules/bluebird/js/release/async.js.Async._drainQueues (http://localhost:45791/__cypress/runner/cypress_runner.js:162150:10)\n    at Async.drainQueues (http://localhost:45791/__cypress/runner/cypress_runner.js:162024:14)",
                "diff": null
              },
              "uuid": "ab78a0db-2ee1-4c11-9eae-e1de0e418712",
              "parentUUID": "f0811226-6752-4204-aca0-16a4e28e00e3",
              "isHook": false,
              "skipped": false
            },
            {
              "title": "Verifica se os pixels dentro do quadro não têm a classe `selected` quando são clicados",
              "fullTitle": "7 - Clicar em uma das cores da paleta, faz com que ela seja selecionada e utilizada para preencher os pixels no quadro. Verifica se os pixels dentro do quadro não têm a classe `selected` quando são clicados",
              "timedOut": null,
              "duration": 0,
              "state": "skipped",
              "speed": null,
              "pass": false,
              "fail": false,
              "pending": false,
              "context": null,
              "code": "cy.get('.color').each(function (color) {\n  var backgroundColor = color.css('background-color');\n  cy.wrap(color).click();\n  cy.get('.pixel').each(function (pixel) {\n    cy.wrap(pixel).click().should('not.have.class', 'selected');\n  });\n});",
              "err": {},
              "uuid": "f236d29c-fe54-4ed4-b5eb-29b2f9658c27",
              "parentUUID": "f0811226-6752-4204-aca0-16a4e28e00e3",
              "isHook": false,
              "skipped": true
            }
          ],
          "suites": [],
          "passes": [],
          "failures": [
            "ab78a0db-2ee1-4c11-9eae-e1de0e418712"
          ],
          "pending": [],
          "skipped": [
            "f236d29c-fe54-4ed4-b5eb-29b2f9658c27"
          ],
          "duration": 304,
          "root": false,
          "rootEmpty": false,
          "_timeout": 2000
        },
        {
          "uuid": "f35a221c-31d9-430a-8026-6341b783e508",
          "title": "8 - Clicar em um pixel dentro do quadro após selecionar uma cor na paleta, faz com que o pixel seja preenchido com a cor selecionada.",
          "fullFile": "",
          "file": "",
          "beforeHooks": [],
          "afterHooks": [],
          "tests": [
            {
              "title": "Verifica se ao carregar a página deve ser possível pintar os pixels de preto",
              "fullTitle": "8 - Clicar em um pixel dentro do quadro após selecionar uma cor na paleta, faz com que o pixel seja preenchido com a cor selecionada. Verifica se ao carregar a página deve ser possível pintar os pixels de preto",
              "timedOut": null,
              "duration": 277,
              "state": "failed",
              "speed": null,
              "pass": false,
              "fail": true,
              "pending": false,
              "context": null,
              "code": "cy.get('.pixel').each(function (pixel) {\n  cy.wrap(pixel).click().should('have.css', 'background-color', BLACK);\n});",
              "err": {
                "message": "CypressError: cy.visit() failed trying to load:\n\n./index.html\n\nWe failed looking for this file at the path:\n\n/home/felipe/Desktop/Trybe/WEB-Developer-Projects/pixels-art/index.html\n\nThe internal Cypress web server responded with:\n\n  > 404: Not Found\n\nBecause this error occurred during a 'before each' hook we are skipping the remaining tests in the current suite: '8 - Clicar em um pixel dent...'",
                "estack": "CypressError: cy.visit() failed trying to load:\n\n./index.html\n\nWe failed looking for this file at the path:\n\n/home/felipe/Desktop/Trybe/WEB-Developer-Projects/pixels-art/index.html\n\nThe internal Cypress web server responded with:\n\n  > 404: Not Found\n\nBecause this error occurred during a 'before each' hook we are skipping the remaining tests in the current suite: '8 - Clicar em um pixel dent...'\n    at cypressErr (http://localhost:45791/__cypress/runner/cypress_runner.js:149934:9)\n    at throwErr (http://localhost:45791/__cypress/runner/cypress_runner.js:149867:11)\n    at Object.throwErrByPath (http://localhost:45791/__cypress/runner/cypress_runner.js:149915:3)\n    at http://localhost:45791/__cypress/runner/cypress_runner.js:138814:34\n    at visitFailedByErr (http://localhost:45791/__cypress/runner/cypress_runner.js:138327:12)\n    at http://localhost:45791/__cypress/runner/cypress_runner.js:138795:22\n    at tryCatcher (http://localhost:45791/__cypress/runner/cypress_runner.js:167415:23)\n    at Promise._settlePromiseFromHandler (http://localhost:45791/__cypress/runner/cypress_runner.js:165351:31)\n    at Promise._settlePromise (http://localhost:45791/__cypress/runner/cypress_runner.js:165408:18)\n    at Promise._settlePromise0 (http://localhost:45791/__cypress/runner/cypress_runner.js:165453:10)\n    at Promise._settlePromises (http://localhost:45791/__cypress/runner/cypress_runner.js:165528:18)\n    at Async../node_modules/bluebird/js/release/async.js.Async._drainQueue (http://localhost:45791/__cypress/runner/cypress_runner.js:162140:16)\n    at Async../node_modules/bluebird/js/release/async.js.Async._drainQueues (http://localhost:45791/__cypress/runner/cypress_runner.js:162150:10)\n    at Async.drainQueues (http://localhost:45791/__cypress/runner/cypress_runner.js:162024:14)",
                "diff": null
              },
              "uuid": "2f535cdc-325a-40d7-b15b-5e59ec83af3f",
              "parentUUID": "f35a221c-31d9-430a-8026-6341b783e508",
              "isHook": false,
              "skipped": false
            },
            {
              "title": "Verifica se após selecionar uma outra cor na paleta, é possível pintar os pixels com essa cor",
              "fullTitle": "8 - Clicar em um pixel dentro do quadro após selecionar uma cor na paleta, faz com que o pixel seja preenchido com a cor selecionada. Verifica se após selecionar uma outra cor na paleta, é possível pintar os pixels com essa cor",
              "timedOut": null,
              "duration": 0,
              "state": "skipped",
              "speed": null,
              "pass": false,
              "fail": false,
              "pending": false,
              "context": null,
              "code": "cy.get('.color').each(function (color) {\n  var backgroundColor = color.css('background-color');\n  cy.wrap(color).click();\n  cy.get('.pixel').each(function (pixel) {\n    cy.wrap(pixel).click().should('have.css', 'background-color', backgroundColor);\n  });\n});",
              "err": {},
              "uuid": "c4110097-7557-4a1c-b36e-5ae96a808576",
              "parentUUID": "f35a221c-31d9-430a-8026-6341b783e508",
              "isHook": false,
              "skipped": true
            },
            {
              "title": "Verifica se somente o pixel que foi clicado foi preenchido com a cor selecionada, sem influenciar na cor dos demais pixels.",
              "fullTitle": "8 - Clicar em um pixel dentro do quadro após selecionar uma cor na paleta, faz com que o pixel seja preenchido com a cor selecionada. Verifica se somente o pixel que foi clicado foi preenchido com a cor selecionada, sem influenciar na cor dos demais pixels.",
              "timedOut": null,
              "duration": 0,
              "state": "skipped",
              "speed": null,
              "pass": false,
              "fail": false,
              "pending": false,
              "context": null,
              "code": "var colorToPixelIndexMap = {\n  0: 6,\n  1: 8,\n  2: 16,\n  3: 18\n};\ncy.get('.color').each(function (color, index) {\n  cy.wrap(color).click();\n  var backgroundColor = color.css('background-color');\n  var clickedPixelIndex = colorToPixelIndexMap[index];\n  cy.get('.pixel').eq(clickedPixelIndex).click();\n  cy.get('.pixel').eq(clickedPixelIndex - 1).should('not.have.css', 'background-color', backgroundColor);\n  cy.get('.pixel').eq(clickedPixelIndex + 1).should('not.have.css', 'background-color', backgroundColor);\n  cy.get('.pixel').eq(clickedPixelIndex - 5).should('not.have.css', 'background-color', backgroundColor);\n  cy.get('.pixel').eq(clickedPixelIndex + 5).should('not.have.css', 'background-color', backgroundColor);\n  cy.get('.pixel').eq(clickedPixelIndex - 6).should('not.have.css', 'background-color', backgroundColor);\n  cy.get('.pixel').eq(clickedPixelIndex - 4).should('not.have.css', 'background-color', backgroundColor);\n  cy.get('.pixel').eq(clickedPixelIndex + 4).should('not.have.css', 'background-color', backgroundColor);\n  cy.get('.pixel').eq(clickedPixelIndex + 6).should('not.have.css', 'background-color', backgroundColor);\n});",
              "err": {},
              "uuid": "fc586570-a09c-4f91-baf0-d243b54aff1f",
              "parentUUID": "f35a221c-31d9-430a-8026-6341b783e508",
              "isHook": false,
              "skipped": true
            }
          ],
          "suites": [],
          "passes": [],
          "failures": [
            "2f535cdc-325a-40d7-b15b-5e59ec83af3f"
          ],
          "pending": [],
          "skipped": [
            "c4110097-7557-4a1c-b36e-5ae96a808576",
            "fc586570-a09c-4f91-baf0-d243b54aff1f"
          ],
          "duration": 277,
          "root": false,
          "rootEmpty": false,
          "_timeout": 2000
        },
        {
          "uuid": "a3e61306-4383-41b2-bdd6-3d197a719ae1",
          "title": "9 - Crie um botão que, ao ser clicado, limpa o quadro preenchendo a cor de todos seus pixels com branco.",
          "fullFile": "",
          "file": "",
          "beforeHooks": [],
          "afterHooks": [],
          "tests": [
            {
              "title": "Verifica se o botão tem o `id` denominado `clear-board`",
              "fullTitle": "9 - Crie um botão que, ao ser clicado, limpa o quadro preenchendo a cor de todos seus pixels com branco. Verifica se o botão tem o `id` denominado `clear-board`",
              "timedOut": null,
              "duration": 256,
              "state": "failed",
              "speed": null,
              "pass": false,
              "fail": true,
              "pending": false,
              "context": null,
              "code": "cy.get('#clear-board').should('be.visible');",
              "err": {
                "message": "CypressError: cy.visit() failed trying to load:\n\n./index.html\n\nWe failed looking for this file at the path:\n\n/home/felipe/Desktop/Trybe/WEB-Developer-Projects/pixels-art/index.html\n\nThe internal Cypress web server responded with:\n\n  > 404: Not Found\n\nBecause this error occurred during a 'before each' hook we are skipping the remaining tests in the current suite: '9 - Crie um botão que, ao s...'",
                "estack": "CypressError: cy.visit() failed trying to load:\n\n./index.html\n\nWe failed looking for this file at the path:\n\n/home/felipe/Desktop/Trybe/WEB-Developer-Projects/pixels-art/index.html\n\nThe internal Cypress web server responded with:\n\n  > 404: Not Found\n\nBecause this error occurred during a 'before each' hook we are skipping the remaining tests in the current suite: '9 - Crie um botão que, ao s...'\n    at cypressErr (http://localhost:45791/__cypress/runner/cypress_runner.js:149934:9)\n    at throwErr (http://localhost:45791/__cypress/runner/cypress_runner.js:149867:11)\n    at Object.throwErrByPath (http://localhost:45791/__cypress/runner/cypress_runner.js:149915:3)\n    at http://localhost:45791/__cypress/runner/cypress_runner.js:138814:34\n    at visitFailedByErr (http://localhost:45791/__cypress/runner/cypress_runner.js:138327:12)\n    at http://localhost:45791/__cypress/runner/cypress_runner.js:138795:22\n    at tryCatcher (http://localhost:45791/__cypress/runner/cypress_runner.js:167415:23)\n    at Promise._settlePromiseFromHandler (http://localhost:45791/__cypress/runner/cypress_runner.js:165351:31)\n    at Promise._settlePromise (http://localhost:45791/__cypress/runner/cypress_runner.js:165408:18)\n    at Promise._settlePromise0 (http://localhost:45791/__cypress/runner/cypress_runner.js:165453:10)\n    at Promise._settlePromises (http://localhost:45791/__cypress/runner/cypress_runner.js:165528:18)\n    at Async../node_modules/bluebird/js/release/async.js.Async._drainQueue (http://localhost:45791/__cypress/runner/cypress_runner.js:162140:16)\n    at Async../node_modules/bluebird/js/release/async.js.Async._drainQueues (http://localhost:45791/__cypress/runner/cypress_runner.js:162150:10)\n    at Async.drainQueues (http://localhost:45791/__cypress/runner/cypress_runner.js:162024:14)",
                "diff": null
              },
              "uuid": "5632d1bd-00b2-4af8-9823-085d613e209d",
              "parentUUID": "a3e61306-4383-41b2-bdd6-3d197a719ae1",
              "isHook": false,
              "skipped": false
            },
            {
              "title": "Verifica se o botão está posicionado entre a paleta de cores e o quadro de pixels",
              "fullTitle": "9 - Crie um botão que, ao ser clicado, limpa o quadro preenchendo a cor de todos seus pixels com branco. Verifica se o botão está posicionado entre a paleta de cores e o quadro de pixels",
              "timedOut": null,
              "duration": 0,
              "state": "skipped",
              "speed": null,
              "pass": false,
              "fail": false,
              "pending": false,
              "context": null,
              "code": "cy.get('#color-palette').then(function (palette) {\n  cy.get('#clear-board').should('be.belowOf', palette);\n});\ncy.get('#clear-board').then(function (clearBtn) {\n  cy.get('#pixel-board').should('be.belowOf', clearBtn);\n});",
              "err": {},
              "uuid": "37b489d8-54dc-4475-985c-b614c314f373",
              "parentUUID": "a3e61306-4383-41b2-bdd6-3d197a719ae1",
              "isHook": false,
              "skipped": true
            },
            {
              "title": "Verifica se o texto do botão é 'Limpar'",
              "fullTitle": "9 - Crie um botão que, ao ser clicado, limpa o quadro preenchendo a cor de todos seus pixels com branco. Verifica se o texto do botão é 'Limpar'",
              "timedOut": null,
              "duration": 0,
              "state": "skipped",
              "speed": null,
              "pass": false,
              "fail": false,
              "pending": false,
              "context": null,
              "code": "cy.get('#clear-board').should('contain.text', 'Limpar');",
              "err": {},
              "uuid": "15f7b1a5-8a11-4d43-9974-834a895cb6c6",
              "parentUUID": "a3e61306-4383-41b2-bdd6-3d197a719ae1",
              "isHook": false,
              "skipped": true
            },
            {
              "title": "Verifica se ao clicar no botão, o quadro de pixels é totalmente preenchido de branco",
              "fullTitle": "9 - Crie um botão que, ao ser clicado, limpa o quadro preenchendo a cor de todos seus pixels com branco. Verifica se ao clicar no botão, o quadro de pixels é totalmente preenchido de branco",
              "timedOut": null,
              "duration": 0,
              "state": "skipped",
              "speed": null,
              "pass": false,
              "fail": false,
              "pending": false,
              "context": null,
              "code": "cy.get('.color').eq(1).then(function (color) {\n  var backgroundColor = color.css('background-color');\n  cy.wrap(color).click();\n  cy.get('.pixel').each(function (pixel) {\n    cy.wrap(pixel).click().should('have.css', 'background-color', backgroundColor);\n  });\n});\ncy.get('#clear-board').click();\ncy.get('.pixel').each(function (pixel) {\n  cy.wrap(pixel).should('have.css', 'background-color', WHITE);\n});",
              "err": {},
              "uuid": "14430bcb-dd71-4fa8-af66-4284ce71ca2f",
              "parentUUID": "a3e61306-4383-41b2-bdd6-3d197a719ae1",
              "isHook": false,
              "skipped": true
            }
          ],
          "suites": [],
          "passes": [],
          "failures": [
            "5632d1bd-00b2-4af8-9823-085d613e209d"
          ],
          "pending": [],
          "skipped": [
            "37b489d8-54dc-4475-985c-b614c314f373",
            "15f7b1a5-8a11-4d43-9974-834a895cb6c6",
            "14430bcb-dd71-4fa8-af66-4284ce71ca2f"
          ],
          "duration": 256,
          "root": false,
          "rootEmpty": false,
          "_timeout": 2000
        },
        {
          "uuid": "44f906f2-d018-42d0-850f-aad01ff9b0be",
          "title": "10 - Faça o quadro de pixels ter seu tamanho definido pelo usuário.",
          "fullFile": "",
          "file": "",
          "beforeHooks": [],
          "afterHooks": [],
          "tests": [
            {
              "title": "Verifica se existe um input com o id `board-size`",
              "fullTitle": "10 - Faça o quadro de pixels ter seu tamanho definido pelo usuário. Verifica se existe um input com o id `board-size`",
              "timedOut": null,
              "duration": 257,
              "state": "failed",
              "speed": null,
              "pass": false,
              "fail": true,
              "pending": false,
              "context": null,
              "code": "cy.get('#board-size').should('be.visible');",
              "err": {
                "message": "CypressError: cy.visit() failed trying to load:\n\n./index.html\n\nWe failed looking for this file at the path:\n\n/home/felipe/Desktop/Trybe/WEB-Developer-Projects/pixels-art/index.html\n\nThe internal Cypress web server responded with:\n\n  > 404: Not Found\n\nBecause this error occurred during a 'before each' hook we are skipping the remaining tests in the current suite: '10 - Faça o quadro de pixel...'",
                "estack": "CypressError: cy.visit() failed trying to load:\n\n./index.html\n\nWe failed looking for this file at the path:\n\n/home/felipe/Desktop/Trybe/WEB-Developer-Projects/pixels-art/index.html\n\nThe internal Cypress web server responded with:\n\n  > 404: Not Found\n\nBecause this error occurred during a 'before each' hook we are skipping the remaining tests in the current suite: '10 - Faça o quadro de pixel...'\n    at cypressErr (http://localhost:45791/__cypress/runner/cypress_runner.js:149934:9)\n    at throwErr (http://localhost:45791/__cypress/runner/cypress_runner.js:149867:11)\n    at Object.throwErrByPath (http://localhost:45791/__cypress/runner/cypress_runner.js:149915:3)\n    at http://localhost:45791/__cypress/runner/cypress_runner.js:138814:34\n    at visitFailedByErr (http://localhost:45791/__cypress/runner/cypress_runner.js:138327:12)\n    at http://localhost:45791/__cypress/runner/cypress_runner.js:138795:22\n    at tryCatcher (http://localhost:45791/__cypress/runner/cypress_runner.js:167415:23)\n    at Promise._settlePromiseFromHandler (http://localhost:45791/__cypress/runner/cypress_runner.js:165351:31)\n    at Promise._settlePromise (http://localhost:45791/__cypress/runner/cypress_runner.js:165408:18)\n    at Promise._settlePromise0 (http://localhost:45791/__cypress/runner/cypress_runner.js:165453:10)\n    at Promise._settlePromises (http://localhost:45791/__cypress/runner/cypress_runner.js:165528:18)\n    at Async../node_modules/bluebird/js/release/async.js.Async._drainQueue (http://localhost:45791/__cypress/runner/cypress_runner.js:162140:16)\n    at Async../node_modules/bluebird/js/release/async.js.Async._drainQueues (http://localhost:45791/__cypress/runner/cypress_runner.js:162150:10)\n    at Async.drainQueues (http://localhost:45791/__cypress/runner/cypress_runner.js:162024:14)",
                "diff": null
              },
              "uuid": "fe37355f-dcd5-4aa0-a7cc-861e2767189b",
              "parentUUID": "44f906f2-d018-42d0-850f-aad01ff9b0be",
              "isHook": false,
              "skipped": false
            },
            {
              "title": "Verifica se existe um botão com o id `generate-board`",
              "fullTitle": "10 - Faça o quadro de pixels ter seu tamanho definido pelo usuário. Verifica se existe um botão com o id `generate-board`",
              "timedOut": null,
              "duration": 0,
              "state": "skipped",
              "speed": null,
              "pass": false,
              "fail": false,
              "pending": false,
              "context": null,
              "code": "cy.get('#generate-board').should('be.visible');",
              "err": {},
              "uuid": "6b56d6c7-56b9-43e1-89e7-6338aa18fe26",
              "parentUUID": "44f906f2-d018-42d0-850f-aad01ff9b0be",
              "isHook": false,
              "skipped": true
            },
            {
              "title": "Verifica se o input só aceita número maiores que zero. Essa restrição deve ser feita usando os atributos do elemento `input`",
              "fullTitle": "10 - Faça o quadro de pixels ter seu tamanho definido pelo usuário. Verifica se o input só aceita número maiores que zero. Essa restrição deve ser feita usando os atributos do elemento `input`",
              "timedOut": null,
              "duration": 0,
              "state": "skipped",
              "speed": null,
              "pass": false,
              "fail": false,
              "pending": false,
              "context": null,
              "code": "cy.get('#board-size[type=\\'number\\'][min=\\'1\\']');",
              "err": {},
              "uuid": "a755643b-d7be-4a26-83d2-41e403c7931c",
              "parentUUID": "44f906f2-d018-42d0-850f-aad01ff9b0be",
              "isHook": false,
              "skipped": true
            },
            {
              "title": "Verifica se o botão contém o texto 'VQV'",
              "fullTitle": "10 - Faça o quadro de pixels ter seu tamanho definido pelo usuário. Verifica se o botão contém o texto 'VQV'",
              "timedOut": null,
              "duration": 0,
              "state": "skipped",
              "speed": null,
              "pass": false,
              "fail": false,
              "pending": false,
              "context": null,
              "code": "cy.get('#generate-board').contains(/vqv/i);",
              "err": {},
              "uuid": "01e65a69-504d-46b0-9772-2faaa762b282",
              "parentUUID": "44f906f2-d018-42d0-850f-aad01ff9b0be",
              "isHook": false,
              "skipped": true
            },
            {
              "title": "Verifica se o input está posicionado entre a paleta de cores e o quadro de pixels",
              "fullTitle": "10 - Faça o quadro de pixels ter seu tamanho definido pelo usuário. Verifica se o input está posicionado entre a paleta de cores e o quadro de pixels",
              "timedOut": null,
              "duration": 0,
              "state": "skipped",
              "speed": null,
              "pass": false,
              "fail": false,
              "pending": false,
              "context": null,
              "code": "cy.get('#color-palette').then(function (palette) {\n  cy.get('#board-size').should('be.belowOf', palette);\n});\ncy.get('#board-size').then(function (palette) {\n  cy.get('#pixel-board').should('be.belowOf', palette);\n});",
              "err": {},
              "uuid": "99e6d6c1-dfde-44aa-97b2-035834e95044",
              "parentUUID": "44f906f2-d018-42d0-850f-aad01ff9b0be",
              "isHook": false,
              "skipped": true
            },
            {
              "title": "Verifica se o botão está posicionado ao lado do input",
              "fullTitle": "10 - Faça o quadro de pixels ter seu tamanho definido pelo usuário. Verifica se o botão está posicionado ao lado do input",
              "timedOut": null,
              "duration": 0,
              "state": "skipped",
              "speed": null,
              "pass": false,
              "fail": false,
              "pending": false,
              "context": null,
              "code": "cy.get('#board-size').then(function (board) {\n  cy.get('#generate-board').should('be.onTheRightOf', board);\n});",
              "err": {},
              "uuid": "41e74e63-d11b-44a9-8bc0-d20600742816",
              "parentUUID": "44f906f2-d018-42d0-850f-aad01ff9b0be",
              "isHook": false,
              "skipped": true
            },
            {
              "title": "Verifica se nenhum valor for colocado no input ao clicar no botão, um `alert` é exibido com o texto: 'Board inválido!'",
              "fullTitle": "10 - Faça o quadro de pixels ter seu tamanho definido pelo usuário. Verifica se nenhum valor for colocado no input ao clicar no botão, um `alert` é exibido com o texto: 'Board inválido!'",
              "timedOut": null,
              "duration": 0,
              "state": "skipped",
              "speed": null,
              "pass": false,
              "fail": false,
              "pending": false,
              "context": null,
              "code": "var alerted = false;\ncy.on('window:alert', function (msg) {\n  return alerted = msg;\n});\ncy.get('#generate-board').click().then(function () {\n  return expect(alerted).to.match(/Board inválido!/i);\n});",
              "err": {},
              "uuid": "9ac6d51f-5f07-481d-bdd6-96123ae076d4",
              "parentUUID": "44f906f2-d018-42d0-850f-aad01ff9b0be",
              "isHook": false,
              "skipped": true
            },
            {
              "title": "Verifica se ao clicar no botão com um valor preenchido, o tamanho do board muda.",
              "fullTitle": "10 - Faça o quadro de pixels ter seu tamanho definido pelo usuário. Verifica se ao clicar no botão com um valor preenchido, o tamanho do board muda.",
              "timedOut": null,
              "duration": 0,
              "state": "skipped",
              "speed": null,
              "pass": false,
              "fail": false,
              "pending": false,
              "context": null,
              "code": "cy.get('#board-size').clear().type(10);\ncy.get('#generate-board').click();\ncy.get('.pixel').should('have.length', 100);",
              "err": {},
              "uuid": "6cc612d2-3e77-4583-b6ab-453c05ff98a7",
              "parentUUID": "44f906f2-d018-42d0-850f-aad01ff9b0be",
              "isHook": false,
              "skipped": true
            },
            {
              "title": "Verifica se o novo quadro tem todos os pixels preenchidos com a cor branca",
              "fullTitle": "10 - Faça o quadro de pixels ter seu tamanho definido pelo usuário. Verifica se o novo quadro tem todos os pixels preenchidos com a cor branca",
              "timedOut": null,
              "duration": 0,
              "state": "skipped",
              "speed": null,
              "pass": false,
              "fail": false,
              "pending": false,
              "context": null,
              "code": "cy.get('#board-size').clear().type(6);\ncy.get('#generate-board').click();\ncy.get('.pixel').should('have.length', 36).each(function (pixel) {\n  expect(pixel).to.have.css('background-color', WHITE);\n});",
              "err": {},
              "uuid": "8dc46a9c-1fe4-4245-8339-6f04fe2d28f9",
              "parentUUID": "44f906f2-d018-42d0-850f-aad01ff9b0be",
              "isHook": false,
              "skipped": true
            }
          ],
          "suites": [],
          "passes": [],
          "failures": [
            "fe37355f-dcd5-4aa0-a7cc-861e2767189b"
          ],
          "pending": [],
          "skipped": [
            "6b56d6c7-56b9-43e1-89e7-6338aa18fe26",
            "a755643b-d7be-4a26-83d2-41e403c7931c",
            "01e65a69-504d-46b0-9772-2faaa762b282",
            "99e6d6c1-dfde-44aa-97b2-035834e95044",
            "41e74e63-d11b-44a9-8bc0-d20600742816",
            "9ac6d51f-5f07-481d-bdd6-96123ae076d4",
            "6cc612d2-3e77-4583-b6ab-453c05ff98a7",
            "8dc46a9c-1fe4-4245-8339-6f04fe2d28f9"
          ],
          "duration": 257,
          "root": false,
          "rootEmpty": false,
          "_timeout": 2000
        },
        {
          "uuid": "78014edf-cf80-4d33-b7ca-05b0384e3d20",
          "title": "11 - Limite o tamanho mínimo e máximo do board.",
          "fullFile": "",
          "file": "",
          "beforeHooks": [],
          "afterHooks": [],
          "tests": [
            {
              "title": "Verifica se a altura máxima do board é 50",
              "fullTitle": "11 - Limite o tamanho mínimo e máximo do board. Verifica se a altura máxima do board é 50",
              "timedOut": null,
              "duration": 293,
              "state": "failed",
              "speed": null,
              "pass": false,
              "fail": true,
              "pending": false,
              "context": null,
              "code": "cy.get('#board-size').clear().type(50);\ncy.get('#generate-board').click();\ncy.get('.pixel').should('have.length', 2500);",
              "err": {
                "message": "CypressError: cy.visit() failed trying to load:\n\n./index.html\n\nWe failed looking for this file at the path:\n\n/home/felipe/Desktop/Trybe/WEB-Developer-Projects/pixels-art/index.html\n\nThe internal Cypress web server responded with:\n\n  > 404: Not Found\n\nBecause this error occurred during a 'before each' hook we are skipping the remaining tests in the current suite: '11 - Limite o tamanho mínim...'",
                "estack": "CypressError: cy.visit() failed trying to load:\n\n./index.html\n\nWe failed looking for this file at the path:\n\n/home/felipe/Desktop/Trybe/WEB-Developer-Projects/pixels-art/index.html\n\nThe internal Cypress web server responded with:\n\n  > 404: Not Found\n\nBecause this error occurred during a 'before each' hook we are skipping the remaining tests in the current suite: '11 - Limite o tamanho mínim...'\n    at cypressErr (http://localhost:45791/__cypress/runner/cypress_runner.js:149934:9)\n    at throwErr (http://localhost:45791/__cypress/runner/cypress_runner.js:149867:11)\n    at Object.throwErrByPath (http://localhost:45791/__cypress/runner/cypress_runner.js:149915:3)\n    at http://localhost:45791/__cypress/runner/cypress_runner.js:138814:34\n    at visitFailedByErr (http://localhost:45791/__cypress/runner/cypress_runner.js:138327:12)\n    at http://localhost:45791/__cypress/runner/cypress_runner.js:138795:22\n    at tryCatcher (http://localhost:45791/__cypress/runner/cypress_runner.js:167415:23)\n    at Promise._settlePromiseFromHandler (http://localhost:45791/__cypress/runner/cypress_runner.js:165351:31)\n    at Promise._settlePromise (http://localhost:45791/__cypress/runner/cypress_runner.js:165408:18)\n    at Promise._settlePromise0 (http://localhost:45791/__cypress/runner/cypress_runner.js:165453:10)\n    at Promise._settlePromises (http://localhost:45791/__cypress/runner/cypress_runner.js:165528:18)\n    at Async../node_modules/bluebird/js/release/async.js.Async._drainQueue (http://localhost:45791/__cypress/runner/cypress_runner.js:162140:16)\n    at Async../node_modules/bluebird/js/release/async.js.Async._drainQueues (http://localhost:45791/__cypress/runner/cypress_runner.js:162150:10)\n    at Async.drainQueues (http://localhost:45791/__cypress/runner/cypress_runner.js:162024:14)",
                "diff": null
              },
              "uuid": "387d4bbc-d9b1-4a66-9b0d-c20b6432e825",
              "parentUUID": "78014edf-cf80-4d33-b7ca-05b0384e3d20",
              "isHook": false,
              "skipped": false
            },
            {
              "title": "Verifica se a altura do board é 5 quando um valor menor é colocado no input",
              "fullTitle": "11 - Limite o tamanho mínimo e máximo do board. Verifica se a altura do board é 5 quando um valor menor é colocado no input",
              "timedOut": null,
              "duration": 0,
              "state": "skipped",
              "speed": null,
              "pass": false,
              "fail": false,
              "pending": false,
              "context": null,
              "code": "cy.get('#board-size').clear().type(4);\ncy.get('#generate-board').click();\ncy.get('.pixel').should('have.length', 25);",
              "err": {},
              "uuid": "78e5c272-3af0-4ebe-a0b7-cd55e211dfbb",
              "parentUUID": "78014edf-cf80-4d33-b7ca-05b0384e3d20",
              "isHook": false,
              "skipped": true
            },
            {
              "title": "Verifica se a altura do board é 50 quando um valor maior é colocado no input",
              "fullTitle": "11 - Limite o tamanho mínimo e máximo do board. Verifica se a altura do board é 50 quando um valor maior é colocado no input",
              "timedOut": null,
              "duration": 0,
              "state": "skipped",
              "speed": null,
              "pass": false,
              "fail": false,
              "pending": false,
              "context": null,
              "code": "cy.get('#board-size').clear().type(51);\ncy.get('#generate-board').click();\ncy.get('.pixel').should('have.length', 2500);",
              "err": {},
              "uuid": "939f7df0-e5b9-450d-828b-ee0e6949240e",
              "parentUUID": "78014edf-cf80-4d33-b7ca-05b0384e3d20",
              "isHook": false,
              "skipped": true
            }
          ],
          "suites": [],
          "passes": [],
          "failures": [
            "387d4bbc-d9b1-4a66-9b0d-c20b6432e825"
          ],
          "pending": [],
          "skipped": [
            "78e5c272-3af0-4ebe-a0b7-cd55e211dfbb",
            "939f7df0-e5b9-450d-828b-ee0e6949240e"
          ],
          "duration": 293,
          "root": false,
          "rootEmpty": false,
          "_timeout": 2000
        },
        {
          "uuid": "4ff020d7-cada-4214-b21e-c40c48e6a081",
          "title": "12 - Faça com que as cores da paleta sejam geradas aleatoriamente ao carregar a página.",
          "fullFile": "",
          "file": "",
          "beforeHooks": [],
          "afterHooks": [],
          "tests": [
            {
              "title": "Verifica se as cores geradas na paleta são diferentes a cada carregamento da página",
              "fullTitle": "12 - Faça com que as cores da paleta sejam geradas aleatoriamente ao carregar a página. Verifica se as cores geradas na paleta são diferentes a cada carregamento da página",
              "timedOut": null,
              "duration": 263,
              "state": "failed",
              "speed": null,
              "pass": false,
              "fail": true,
              "pending": false,
              "context": null,
              "code": "cy.get('.color').then(function (colors) {\n  var currentColors;\n  var previousColors;\n  previousColors = Array.from(colors).map(function (color) {\n    return Cypress.$(color).css('background-color');\n  });\n  for (var i = 0; i < 5; i += 1) {\n    cy.reload();\n    cy.get('.color').then(function (colors) {\n      currentColors = Array.from(colors).map(function (color) {\n        return Cypress.$(color).css('background-color');\n      });\n      expect(currentColors).not.to.deep.equal(previousColors);\n      previousColors = currentColors;\n    });\n  }\n});",
              "err": {
                "message": "CypressError: cy.visit() failed trying to load:\n\n./index.html\n\nWe failed looking for this file at the path:\n\n/home/felipe/Desktop/Trybe/WEB-Developer-Projects/pixels-art/index.html\n\nThe internal Cypress web server responded with:\n\n  > 404: Not Found\n\nBecause this error occurred during a 'before each' hook we are skipping the remaining tests in the current suite: '12 - Faça com que as cores ...'",
                "estack": "CypressError: cy.visit() failed trying to load:\n\n./index.html\n\nWe failed looking for this file at the path:\n\n/home/felipe/Desktop/Trybe/WEB-Developer-Projects/pixels-art/index.html\n\nThe internal Cypress web server responded with:\n\n  > 404: Not Found\n\nBecause this error occurred during a 'before each' hook we are skipping the remaining tests in the current suite: '12 - Faça com que as cores ...'\n    at cypressErr (http://localhost:45791/__cypress/runner/cypress_runner.js:149934:9)\n    at throwErr (http://localhost:45791/__cypress/runner/cypress_runner.js:149867:11)\n    at Object.throwErrByPath (http://localhost:45791/__cypress/runner/cypress_runner.js:149915:3)\n    at http://localhost:45791/__cypress/runner/cypress_runner.js:138814:34\n    at visitFailedByErr (http://localhost:45791/__cypress/runner/cypress_runner.js:138327:12)\n    at http://localhost:45791/__cypress/runner/cypress_runner.js:138795:22\n    at tryCatcher (http://localhost:45791/__cypress/runner/cypress_runner.js:167415:23)\n    at Promise._settlePromiseFromHandler (http://localhost:45791/__cypress/runner/cypress_runner.js:165351:31)\n    at Promise._settlePromise (http://localhost:45791/__cypress/runner/cypress_runner.js:165408:18)\n    at Promise._settlePromise0 (http://localhost:45791/__cypress/runner/cypress_runner.js:165453:10)\n    at Promise._settlePromises (http://localhost:45791/__cypress/runner/cypress_runner.js:165528:18)\n    at Async../node_modules/bluebird/js/release/async.js.Async._drainQueue (http://localhost:45791/__cypress/runner/cypress_runner.js:162140:16)\n    at Async../node_modules/bluebird/js/release/async.js.Async._drainQueues (http://localhost:45791/__cypress/runner/cypress_runner.js:162150:10)\n    at Async.drainQueues (http://localhost:45791/__cypress/runner/cypress_runner.js:162024:14)",
                "diff": null
              },
              "uuid": "194a0a8f-e73f-4667-b130-59934ff96be7",
              "parentUUID": "4ff020d7-cada-4214-b21e-c40c48e6a081",
              "isHook": false,
              "skipped": false
            },
            {
              "title": "Verifica se a cor preta ainda está presente e é a primeira na sua paleta de cores",
              "fullTitle": "12 - Faça com que as cores da paleta sejam geradas aleatoriamente ao carregar a página. Verifica se a cor preta ainda está presente e é a primeira na sua paleta de cores",
              "timedOut": null,
              "duration": 0,
              "state": "skipped",
              "speed": null,
              "pass": false,
              "fail": false,
              "pending": false,
              "context": null,
              "code": "cy.get('.color').then(function (colors) {\n  var currentColors;\n  var previousColors;\n  previousColors = Array.from(colors).map(function (color) {\n    return Cypress.$(color).css('background-color');\n  });\n  expect(previousColors[0]).to.eq(BLACK);\n  for (var i = 0; i < 5; i += 1) {\n    cy.reload();\n    cy.get('.color').then(function (colors) {\n      currentColors = Array.from(colors).map(function (color) {\n        return Cypress.$(color).css('background-color');\n      });\n      expect(currentColors[0]).to.eq(BLACK);\n      expect(currentColors).not.to.deep.equal(previousColors);\n      previousColors = currentColors;\n    });\n  }\n});",
              "err": {},
              "uuid": "d11581e7-4f00-41aa-890f-97f3ed7182a7",
              "parentUUID": "4ff020d7-cada-4214-b21e-c40c48e6a081",
              "isHook": false,
              "skipped": true
            }
          ],
          "suites": [],
          "passes": [],
          "failures": [
            "194a0a8f-e73f-4667-b130-59934ff96be7"
          ],
          "pending": [],
          "skipped": [
            "d11581e7-4f00-41aa-890f-97f3ed7182a7"
          ],
          "duration": 263,
          "root": false,
          "rootEmpty": false,
          "_timeout": 2000
        }
      ],
      "passes": [],
      "failures": [],
      "pending": [],
      "skipped": [],
      "duration": 0,
      "root": true,
      "rootEmpty": true,
      "_timeout": 2000
    }
  ],
  "meta": {
    "mocha": {
      "version": "7.0.1"
    },
    "mochawesome": {
      "options": {
        "quiet": false,
        "reportFilename": "mochawesome",
        "saveHtml": false,
        "saveJson": true,
        "consoleReporter": "spec",
        "useInlineDiffs": false
      },
      "version": "4.1.0"
    },
    "marge": {
      "options": {
        "id": "default",
        "reportDir": "cypress/reports",
        "overwrite": true,
        "html": false,
        "json": true
      },
      "version": "4.1.0"
    }
  }
}